{"C:\\Users\\Durahand\\Desktop\\Epicodus_Projects\\React\\CoinCounter\\src\\js\\coin-changer.js": {"path":"C:\\Users\\Durahand\\Desktop\\Epicodus_Projects\\React\\CoinCounter\\src\\js\\coin-changer.js","statementMap":{"0":{"start":{"line":10,"column":25},"end":{"line":34,"column":1}},"1":{"start":{"line":11,"column":2},"end":{"line":33,"column":3}},"2":{"start":{"line":12,"column":19},"end":{"line":12,"column":44}},"3":{"start":{"line":13,"column":22},"end":{"line":13,"column":35}},"4":{"start":{"line":14,"column":4},"end":{"line":14,"column":76}},"5":{"start":{"line":15,"column":9},"end":{"line":33,"column":3}},"6":{"start":{"line":16,"column":18},"end":{"line":16,"column":42}},"7":{"start":{"line":17,"column":22},"end":{"line":17,"column":33}},"8":{"start":{"line":18,"column":4},"end":{"line":18,"column":78}},"9":{"start":{"line":19,"column":9},"end":{"line":33,"column":3}},"10":{"start":{"line":20,"column":20},"end":{"line":20,"column":44}},"11":{"start":{"line":21,"column":22},"end":{"line":21,"column":34}},"12":{"start":{"line":22,"column":4},"end":{"line":22,"column":78}},"13":{"start":{"line":23,"column":9},"end":{"line":33,"column":3}},"14":{"start":{"line":24,"column":20},"end":{"line":24,"column":45}},"15":{"start":{"line":25,"column":22},"end":{"line":25,"column":34}},"16":{"start":{"line":26,"column":4},"end":{"line":26,"column":79}},"17":{"start":{"line":28,"column":4},"end":{"line":28,"column":42}},"18":{"start":{"line":28,"column":24},"end":{"line":28,"column":41}},"19":{"start":{"line":29,"column":4},"end":{"line":29,"column":36}},"20":{"start":{"line":29,"column":21},"end":{"line":29,"column":35}},"21":{"start":{"line":30,"column":4},"end":{"line":30,"column":40}},"22":{"start":{"line":30,"column":23},"end":{"line":30,"column":39}},"23":{"start":{"line":31,"column":4},"end":{"line":31,"column":38}},"24":{"start":{"line":31,"column":22},"end":{"line":31,"column":37}},"25":{"start":{"line":32,"column":4},"end":{"line":32,"column":62}},"26":{"start":{"line":37,"column":22},"end":{"line":41,"column":3}},"27":{"start":{"line":38,"column":4},"end":{"line":40,"column":5}},"28":{"start":{"line":39,"column":6},"end":{"line":39,"column":44}},"29":{"start":{"line":43,"column":25},"end":{"line":43,"column":42}},"30":{"start":{"line":44,"column":22},"end":{"line":44,"column":39}},"31":{"start":{"line":45,"column":24},"end":{"line":45,"column":41}},"32":{"start":{"line":46,"column":23},"end":{"line":46,"column":40}},"33":{"start":{"line":48,"column":12},"end":{"line":48,"column":38}},"34":{"start":{"line":49,"column":12},"end":{"line":49,"column":46}},"35":{"start":{"line":50,"column":12},"end":{"line":50,"column":58}},"36":{"start":{"line":51,"column":16},"end":{"line":51,"column":72}},"37":{"start":{"line":52,"column":2},"end":{"line":52,"column":88}}},"fnMap":{"0":{"name":"(anonymous_0)","decl":{"start":{"line":10,"column":25},"end":{"line":10,"column":26}},"loc":{"start":{"line":10,"column":87},"end":{"line":34,"column":1}},"line":10},"1":{"name":"getChange","decl":{"start":{"line":36,"column":16},"end":{"line":36,"column":25}},"loc":{"start":{"line":36,"column":38},"end":{"line":53,"column":1}},"line":36},"2":{"name":"(anonymous_2)","decl":{"start":{"line":37,"column":22},"end":{"line":37,"column":23}},"loc":{"start":{"line":37,"column":37},"end":{"line":41,"column":3}},"line":37},"3":{"name":"(anonymous_3)","decl":{"start":{"line":38,"column":11},"end":{"line":38,"column":12}},"loc":{"start":{"line":38,"column":23},"end":{"line":40,"column":5}},"line":38}},"branchMap":{"0":{"loc":{"start":{"line":11,"column":2},"end":{"line":33,"column":3}},"type":"if","locations":[{"start":{"line":11,"column":2},"end":{"line":33,"column":3}},{"start":{"line":11,"column":2},"end":{"line":33,"column":3}}],"line":11},"1":{"loc":{"start":{"line":15,"column":9},"end":{"line":33,"column":3}},"type":"if","locations":[{"start":{"line":15,"column":9},"end":{"line":33,"column":3}},{"start":{"line":15,"column":9},"end":{"line":33,"column":3}}],"line":15},"2":{"loc":{"start":{"line":19,"column":9},"end":{"line":33,"column":3}},"type":"if","locations":[{"start":{"line":19,"column":9},"end":{"line":33,"column":3}},{"start":{"line":19,"column":9},"end":{"line":33,"column":3}}],"line":19},"3":{"loc":{"start":{"line":23,"column":9},"end":{"line":33,"column":3}},"type":"if","locations":[{"start":{"line":23,"column":9},"end":{"line":33,"column":3}},{"start":{"line":23,"column":9},"end":{"line":33,"column":3}}],"line":23},"4":{"loc":{"start":{"line":28,"column":4},"end":{"line":28,"column":42}},"type":"if","locations":[{"start":{"line":28,"column":4},"end":{"line":28,"column":42}},{"start":{"line":28,"column":4},"end":{"line":28,"column":42}}],"line":28},"5":{"loc":{"start":{"line":29,"column":4},"end":{"line":29,"column":36}},"type":"if","locations":[{"start":{"line":29,"column":4},"end":{"line":29,"column":36}},{"start":{"line":29,"column":4},"end":{"line":29,"column":36}}],"line":29},"6":{"loc":{"start":{"line":30,"column":4},"end":{"line":30,"column":40}},"type":"if","locations":[{"start":{"line":30,"column":4},"end":{"line":30,"column":40}},{"start":{"line":30,"column":4},"end":{"line":30,"column":40}}],"line":30},"7":{"loc":{"start":{"line":31,"column":4},"end":{"line":31,"column":38}},"type":"if","locations":[{"start":{"line":31,"column":4},"end":{"line":31,"column":38}},{"start":{"line":31,"column":4},"end":{"line":31,"column":38}}],"line":31}},"s":{"0":1,"1":6,"2":1,"3":1,"4":1,"5":5,"6":1,"7":1,"8":1,"9":4,"10":1,"11":1,"12":1,"13":3,"14":1,"15":1,"16":1,"17":2,"18":1,"19":2,"20":1,"21":2,"22":1,"23":2,"24":1,"25":2,"26":1,"27":4,"28":4,"29":1,"30":1,"31":1,"32":1,"33":1,"34":1,"35":1,"36":1,"37":1},"f":{"0":6,"1":1,"2":4,"3":4},"b":{"0":[1,5],"1":[1,4],"2":[1,3],"3":[1,2],"4":[1,1],"5":[1,1],"6":[1,1],"7":[1,1]},"_coverageSchema":"43e27e138ebf9cfc5966b082cf9a028302ed4184","hash":"f33f824ae1749ecae3c7853597c8a44bce8db805"}
}
