TN:
SF:C:\Users\Durahand\Desktop\Epicodus_Projects\React\CoinCounter\src\js\coin-changer.js
FN:10,(anonymous_0)
FN:36,getChange
FN:37,(anonymous_2)
FN:38,(anonymous_3)
FNF:4
FNH:4
FNDA:6,(anonymous_0)
FNDA:1,getChange
FNDA:4,(anonymous_2)
FNDA:4,(anonymous_3)
DA:10,1
DA:11,6
DA:12,1
DA:13,1
DA:14,1
DA:15,5
DA:16,1
DA:17,1
DA:18,1
DA:19,4
DA:20,1
DA:21,1
DA:22,1
DA:23,3
DA:24,1
DA:25,1
DA:26,1
DA:28,2
DA:29,2
DA:30,2
DA:31,2
DA:32,2
DA:37,1
DA:38,4
DA:39,4
DA:43,1
DA:44,1
DA:45,1
DA:46,1
DA:48,1
DA:49,1
DA:50,1
DA:51,1
DA:52,1
LF:34
LH:34
BRDA:11,0,0,1
BRDA:11,0,1,5
BRDA:15,1,0,1
BRDA:15,1,1,4
BRDA:19,2,0,1
BRDA:19,2,1,3
BRDA:23,3,0,1
BRDA:23,3,1,2
BRDA:28,4,0,1
BRDA:28,4,1,1
BRDA:29,5,0,1
BRDA:29,5,1,1
BRDA:30,6,0,1
BRDA:30,6,1,1
BRDA:31,7,0,1
BRDA:31,7,1,1
BRF:16
BRH:16
end_of_record
